<?xml version="1.0" encoding="UTF-8"?>
<!-- Generated by org.testng.reporters.JUnitReportReporter -->
<testsuite hostname="LIN80020702" failures="0" tests="1" name="test_Cases.HomePage_Test" time="1.460" errors="0" timestamp="2023-12-22T09:17:19 IST" skipped="0">
  <testcase classname="test_Cases.HomePage_Test" name="Home_method" time="1.460"/>
  <system-out/>
</testsuite> <!-- test_Cases.HomePage_Test -->
