<?xml version="1.0" encoding="UTF-8"?>
<!-- Generated by org.testng.reporters.JUnitReportReporter -->
<testsuite hostname="LIN80020702" failures="0" tests="1" name="test_Cases.ScenarioTest_4" time="23.416" errors="0" timestamp="2024-01-09T12:36:50 IST" skipped="0">
  <testcase classname="test_Cases.ScenarioTest_4" name="Scenario_4" time="23.416"/>
  <system-out/>
</testsuite> <!-- test_Cases.ScenarioTest_4 -->
