<?xml version="1.0" encoding="UTF-8"?>
<!-- Generated by org.testng.reporters.JUnitReportReporter -->
<testsuite hostname="LIN80020702" failures="0" tests="1" name="test_Cases.ScenarioTest_1" time="1.791" errors="0" timestamp="2024-01-09T12:36:50 IST" skipped="0">
  <testcase classname="test_Cases.ScenarioTest_1" name="Scenario_1" time="1.791"/>
  <system-out/>
</testsuite> <!-- test_Cases.ScenarioTest_1 -->
